0 info it worked if it ends with ok
1 verbose cli [ '/usr/local/bin/node',
1 verbose cli   '/usr/local/bin/npm',
1 verbose cli   'install',
1 verbose cli   'yarn',
1 verbose cli   '-g' ]
2 info using npm@3.10.10
3 info using node@v6.10.2
4 silly loadCurrentTree Starting
5 silly install loadCurrentTree
6 silly install readGlobalPackageData
7 silly fetchPackageMetaData yarn
8 silly fetchNamedPackageData yarn
9 silly mapToRegistry name yarn
10 silly mapToRegistry using default registry
11 silly mapToRegistry registry https://registry.npmjs.org/
12 silly mapToRegistry data Result {
12 silly mapToRegistry   raw: 'yarn',
12 silly mapToRegistry   scope: null,
12 silly mapToRegistry   escapedName: 'yarn',
12 silly mapToRegistry   name: 'yarn',
12 silly mapToRegistry   rawSpec: '',
12 silly mapToRegistry   spec: 'latest',
12 silly mapToRegistry   type: 'tag' }
13 silly mapToRegistry uri https://registry.npmjs.org/yarn
14 verbose request uri https://registry.npmjs.org/yarn
15 verbose request no auth needed
16 info attempt registry request try #1 at 2:09:53 PM
17 verbose request id 20a8517e179b85cc
18 http request GET https://registry.npmjs.org/yarn
19 http 200 https://registry.npmjs.org/yarn
20 verbose headers { date: 'Tue, 03 Mar 2020 19:09:53 GMT',
20 verbose headers   'content-type': 'application/json',
20 verbose headers   'transfer-encoding': 'chunked',
20 verbose headers   connection: 'keep-alive',
20 verbose headers   'set-cookie': [ '__cfduid=da5d95ee5832ec55070cae384aaec01ac1583262593; expires=Thu, 02-Apr-20 19:09:53 GMT; path=/; domain=.npmjs.org; HttpOnly; SameSite=Lax' ],
20 verbose headers   'cf-ray': '56e5a789bb0febe4-BOS',
20 verbose headers   age: '6695',
20 verbose headers   'cache-control': 'public, max-age=300',
20 verbose headers   etag: 'W/"8e6eb2f323c30ad7561866d1d40cfc96"',
20 verbose headers   'last-modified': 'Wed, 05 Feb 2020 19:14:24 GMT',
20 verbose headers   vary: 'accept-encoding, accept',
20 verbose headers   'cf-cache-status': 'HIT',
20 verbose headers   'expect-ct': 'max-age=604800, report-uri="https://report-uri.cloudflare.com/cdn-cgi/beacon/expect-ct"',
20 verbose headers   server: 'cloudflare',
20 verbose headers   'content-encoding': 'gzip' }
21 silly get cb [ 200,
21 silly get   { date: 'Tue, 03 Mar 2020 19:09:53 GMT',
21 silly get     'content-type': 'application/json',
21 silly get     'transfer-encoding': 'chunked',
21 silly get     connection: 'keep-alive',
21 silly get     'set-cookie': [ '__cfduid=da5d95ee5832ec55070cae384aaec01ac1583262593; expires=Thu, 02-Apr-20 19:09:53 GMT; path=/; domain=.npmjs.org; HttpOnly; SameSite=Lax' ],
21 silly get     'cf-ray': '56e5a789bb0febe4-BOS',
21 silly get     age: '6695',
21 silly get     'cache-control': 'public, max-age=300',
21 silly get     etag: 'W/"8e6eb2f323c30ad7561866d1d40cfc96"',
21 silly get     'last-modified': 'Wed, 05 Feb 2020 19:14:24 GMT',
21 silly get     vary: 'accept-encoding, accept',
21 silly get     'cf-cache-status': 'HIT',
21 silly get     'expect-ct': 'max-age=604800, report-uri="https://report-uri.cloudflare.com/cdn-cgi/beacon/expect-ct"',
21 silly get     server: 'cloudflare',
21 silly get     'content-encoding': 'gzip' } ]
22 verbose get saving yarn to /Users/steverivera/.npm/registry.npmjs.org/yarn/.cache.json
23 verbose correctMkdir /Users/steverivera/.npm correctMkdir not in flight; initializing
24 silly install normalizeTree
25 silly loadCurrentTree Finishing
26 silly loadIdealTree Starting
27 silly install loadIdealTree
28 silly cloneCurrentTree Starting
29 silly install cloneCurrentTreeToIdealTree
30 silly cloneCurrentTree Finishing
31 silly loadShrinkwrap Starting
32 silly install loadShrinkwrap
33 silly loadShrinkwrap Finishing
34 silly loadAllDepsIntoIdealTree Starting
35 silly install loadAllDepsIntoIdealTree
36 silly resolveWithNewModule yarn@1.22.0 checking installable status
37 silly cache add args [ 'yarn', null ]
38 verbose cache add spec yarn
39 silly cache add parsed spec Result {
39 silly cache add   raw: 'yarn',
39 silly cache add   scope: null,
39 silly cache add   escapedName: 'yarn',
39 silly cache add   name: 'yarn',
39 silly cache add   rawSpec: '',
39 silly cache add   spec: 'latest',
39 silly cache add   type: 'tag' }
40 silly addNamed yarn@latest
41 verbose addNamed "latest" is being treated as a dist-tag for yarn
42 info addNameTag [ 'yarn', 'latest' ]
43 silly mapToRegistry name yarn
44 silly mapToRegistry using default registry
45 silly mapToRegistry registry https://registry.npmjs.org/
46 silly mapToRegistry data Result {
46 silly mapToRegistry   raw: 'yarn',
46 silly mapToRegistry   scope: null,
46 silly mapToRegistry   escapedName: 'yarn',
46 silly mapToRegistry   name: 'yarn',
46 silly mapToRegistry   rawSpec: '',
46 silly mapToRegistry   spec: 'latest',
46 silly mapToRegistry   type: 'tag' }
47 silly mapToRegistry uri https://registry.npmjs.org/yarn
48 verbose addNameTag registry:https://registry.npmjs.org/yarn not in flight; fetching
49 verbose get https://registry.npmjs.org/yarn not expired, no request
50 silly addNameTag next cb for yarn with tag latest
51 silly addNamed yarn@1.22.0
52 verbose addNamed "1.22.0" is a plain semver version for yarn
53 silly mapToRegistry name yarn
54 silly mapToRegistry using default registry
55 silly mapToRegistry registry https://registry.npmjs.org/
56 silly mapToRegistry data Result {
56 silly mapToRegistry   raw: 'yarn',
56 silly mapToRegistry   scope: null,
56 silly mapToRegistry   escapedName: 'yarn',
56 silly mapToRegistry   name: 'yarn',
56 silly mapToRegistry   rawSpec: '',
56 silly mapToRegistry   spec: 'latest',
56 silly mapToRegistry   type: 'tag' }
57 silly mapToRegistry uri https://registry.npmjs.org/yarn
58 verbose addRemoteTarball https://registry.npmjs.org/yarn/-/yarn-1.22.0.tgz not in flight; adding
59 verbose addRemoteTarball [ 'https://registry.npmjs.org/yarn/-/yarn-1.22.0.tgz',
59 verbose addRemoteTarball   'acf82906e36bcccd1ccab1cfb73b87509667c881' ]
60 info retry fetch attempt 1 at 2:09:53 PM
61 info attempt registry request try #1 at 2:09:53 PM
62 http fetch GET https://registry.npmjs.org/yarn/-/yarn-1.22.0.tgz
63 http fetch 200 https://registry.npmjs.org/yarn/-/yarn-1.22.0.tgz
64 silly fetchAndShaCheck shasum acf82906e36bcccd1ccab1cfb73b87509667c881
65 verbose addTmpTarball /var/folders/gw/lyybhkhx1610fx3cxd2xdydh0000gn/T/npm-65594-f6eac859/registry.npmjs.org/yarn/-/yarn-1.22.0.tgz not in flight; adding
66 verbose addTmpTarball already have metadata; skipping unpack for yarn@1.22.0
67 verbose correctMkdir /Users/steverivera/.npm correctMkdir not in flight; initializing
68 silly cache afterAdd yarn@1.22.0
69 verbose afterAdd /Users/steverivera/.npm/yarn/1.22.0/package/package.json not in flight; writing
70 verbose correctMkdir /Users/steverivera/.npm correctMkdir not in flight; initializing
71 verbose afterAdd /Users/steverivera/.npm/yarn/1.22.0/package/package.json written
72 silly loadAllDepsIntoIdealTree Finishing
73 silly loadIdealTree Finishing
74 silly currentTree lib
75 silly idealTree lib
75 silly idealTree └── yarn@1.22.0
76 silly generateActionsToTake Starting
77 silly install generateActionsToTake
78 warn checkPermissions Missing write access to /usr/local/lib/node_modules
79 silly rollbackFailedOptional Starting
80 silly rollbackFailedOptional Finishing
81 silly runTopLevelLifecycles Finishing
82 silly install printInstalled
83 verbose stack Error: EACCES: permission denied, access '/usr/local/lib/node_modules'
83 verbose stack     at Error (native)
84 verbose cwd /Users/steverivera/projects/wicked-queer-rails
85 error Darwin 19.3.0
86 error argv "/usr/local/bin/node" "/usr/local/bin/npm" "install" "yarn" "-g"
87 error node v6.10.2
88 error npm  v3.10.10
89 error path /usr/local/lib/node_modules
90 error code EACCES
91 error errno -13
92 error syscall access
93 error Error: EACCES: permission denied, access '/usr/local/lib/node_modules'
93 error     at Error (native)
93 error  { Error: EACCES: permission denied, access '/usr/local/lib/node_modules'
93 error     at Error (native)
93 error   errno: -13,
93 error   code: 'EACCES',
93 error   syscall: 'access',
93 error   path: '/usr/local/lib/node_modules' }
94 error Please try running this command again as root/Administrator.
95 verbose exit [ -13, true ]
